# JRE version: Java(TM) SE Runtime Environment (8.0_91-b14) (build 1.8.0_91-b14)
# Java VM: Java HotSpot(TM) 64-Bit Server VM (25.91-b14 mixed mode windows-amd64 compressed oops)
Heap:
 PSYoungGen      total 95744K, used 64644K [0x00000000e0780000, 0x00000000e7480000, 0x0000000100000000)
  eden space 79872K, 77% used [0x00000000e0780000,0x00000000e4424c68,0x00000000e5580000)
  from space 15872K, 16% used [0x00000000e5580000,0x00000000e57fc6c8,0x00000000e6500000)
  to   space 5632K, 0% used [0x00000000e6f00000,0x00000000e6f00000,0x00000000e7480000)
 ParOldGen       total 42496K, used 6074K [0x00000000a1600000, 0x00000000a3f80000, 0x00000000e0780000)
  object space 42496K, 14% used [0x00000000a1600000,0x00000000a1bee9f8,0x00000000a3f80000)
 Metaspace       used 22388K, capacity 22641K, committed 23040K, reserved 1071104K
  class space    used 2192K, capacity 2270K, committed 2304K, reserved 1048576K
GC Heap History (10 events):
Event: 10.647 GC heap before
{Heap before GC invocations=6 (full 0):
 PSYoungGen      total 28672K, used 28668K [0x00000000e0780000, 0x00000000e4d80000, 0x0000000100000000)
  eden space 24576K, 100% used [0x00000000e0780000,0x00000000e1f80000,0x00000000e1f80000)
  from space 4096K, 99% used [0x00000000e1f80000,0x00000000e237f280,0x00000000e2380000)
  to   space 11264K, 0% used [0x00000000e4280000,0x00000000e4280000,0x00000000e4d80000)
 ParOldGen       total 65536K, used 13694K [0x00000000a1600000, 0x00000000a5600000, 0x00000000e0780000)
  object space 65536K, 20% used [0x00000000a1600000,0x00000000a235fbd8,0x00000000a5600000)
 Metaspace       used 19477K, capacity 19699K, committed 19968K, reserved 1067008K
  class space    used 1912K, capacity 1975K, committed 2048K, reserved 1048576K
Event: 10.661 GC heap after
Heap after GC invocations=6 (full 0):
 PSYoungGen      total 56320K, used 11256K [0x00000000e0780000, 0x00000000e5580000, 0x0000000100000000)
  eden space 45056K, 0% used [0x00000000e0780000,0x00000000e0780000,0x00000000e3380000)
  from space 11264K, 99% used [0x00000000e4280000,0x00000000e4d7e258,0x00000000e4d80000)
  to   space 15360K, 0% used [0x00000000e3380000,0x00000000e3380000,0x00000000e4280000)
 ParOldGen       total 65536K, used 17626K [0x00000000a1600000, 0x00000000a5600000, 0x00000000e0780000)
  object space 65536K, 26% used [0x00000000a1600000,0x00000000a2736a90,0x00000000a5600000)
 Metaspace       used 19477K, capacity 19699K, committed 19968K, reserved 1067008K
  class space    used 1912K, capacity 1975K, committed 2048K, reserved 1048576K
}
Event: 11.262 GC heap before
{Heap before GC invocations=7 (full 0):
 PSYoungGen      total 56320K, used 23090K [0x00000000e0780000, 0x00000000e5580000, 0x0000000100000000)
  eden space 45056K, 26% used [0x00000000e0780000,0x00000000e130e910,0x00000000e3380000)
  from space 11264K, 99% used [0x00000000e4280000,0x00000000e4d7e258,0x00000000e4d80000)
  to   space 15360K, 0% used [0x00000000e3380000,0x00000000e3380000,0x00000000e4280000)
 ParOldGen       total 65536K, used 17626K [0x00000000a1600000, 0x00000000a5600000, 0x00000000e0780000)
  object space 65536K, 26% used [0x00000000a1600000,0x00000000a2736a90,0x00000000a5600000)
 Metaspace       used 20863K, capacity 21045K, committed 21296K, reserved 1069056K
  class space    used 2093K, capacity 2168K, committed 2176K, reserved 1048576K
Event: 11.375 GC heap after
Heap after GC invocations=7 (full 0):
 PSYoungGen      total 60416K, used 11341K [0x00000000e0780000, 0x00000000e7e80000, 0x0000000100000000)
  eden space 45056K, 0% used [0x00000000e0780000,0x00000000e0780000,0x00000000e3380000)
  from space 15360K, 73% used [0x00000000e3380000,0x00000000e3e93718,0x00000000e4280000)
  to   space 15872K, 0% used [0x00000000e6f00000,0x00000000e6f00000,0x00000000e7e80000)
 ParOldGen       total 65536K, used 19168K [0x00000000a1600000, 0x00000000a5600000, 0x00000000e0780000)
  object space 65536K, 29% used [0x00000000a1600000,0x00000000a28b8040,0x00000000a5600000)
 Metaspace       used 20863K, capacity 21045K, committed 21296K, reserved 1069056K
  class space    used 2093K, capacity 2168K, committed 2176K, reserved 1048576K
}
Event: 11.375 GC heap before
{Heap before GC invocations=8 (full 1):
 PSYoungGen      total 60416K, used 11341K [0x00000000e0780000, 0x00000000e7e80000, 0x0000000100000000)
  eden space 45056K, 0% used [0x00000000e0780000,0x00000000e0780000,0x00000000e3380000)
  from space 15360K, 73% used [0x00000000e3380000,0x00000000e3e93718,0x00000000e4280000)
  to   space 15872K, 0% used [0x00000000e6f00000,0x00000000e6f00000,0x00000000e7e80000)
 ParOldGen       total 65536K, used 19168K [0x00000000a1600000, 0x00000000a5600000, 0x00000000e0780000)
  object space 65536K, 29% used [0x00000000a1600000,0x00000000a28b8040,0x00000000a5600000)
 Metaspace       used 20863K, capacity 21045K, committed 21296K, reserved 1069056K
  class space    used 2093K, capacity 2168K, committed 2176K, reserved 1048576K
Event: 11.586 GC heap after
Heap after GC invocations=8 (full 1):
 PSYoungGen      total 60416K, used 0K [0x00000000e0780000, 0x00000000e7e80000, 0x0000000100000000)
  eden space 45056K, 0% used [0x00000000e0780000,0x00000000e0780000,0x00000000e3380000)
  from space 15360K, 0% used [0x00000000e3380000,0x00000000e3380000,0x00000000e4280000)
  to   space 15872K, 0% used [0x00000000e6f00000,0x00000000e6f00000,0x00000000e7e80000)
 ParOldGen       total 42496K, used 6066K [0x00000000a1600000, 0x00000000a3f80000, 0x00000000e0780000)
  object space 42496K, 14% used [0x00000000a1600000,0x00000000a1bec9f8,0x00000000a3f80000)
 Metaspace       used 20863K, capacity 21045K, committed 21296K, reserved 1069056K
  class space    used 2093K, capacity 2168K, committed 2176K, reserved 1048576K
}
Event: 17.249 GC heap before
{Heap before GC invocations=9 (full 1):
 PSYoungGen      total 60416K, used 45056K [0x00000000e0780000, 0x00000000e7e80000, 0x0000000100000000)
  eden space 45056K, 100% used [0x00000000e0780000,0x00000000e3380000,0x00000000e3380000)
  from space 15360K, 0% used [0x00000000e3380000,0x00000000e3380000,0x00000000e4280000)
  to   space 15872K, 0% used [0x00000000e6f00000,0x00000000e6f00000,0x00000000e7e80000)
 ParOldGen       total 42496K, used 6066K [0x00000000a1600000, 0x00000000a3f80000, 0x00000000e0780000)
  object space 42496K, 14% used [0x00000000a1600000,0x00000000a1bec9f8,0x00000000a3f80000)
 Metaspace       used 22070K, capacity 22251K, committed 22448K, reserved 1069056K
  class space    used 2189K, capacity 2269K, committed 2304K, reserved 1048576K
Event: 17.254 GC heap after
Heap after GC invocations=9 (full 1):
 PSYoungGen      total 85504K, used 3053K [0x00000000e0780000, 0x00000000e7480000, 0x0000000100000000)
  eden space 79872K, 0% used [0x00000000e0780000,0x00000000e0780000,0x00000000e5580000)
  from space 5632K, 54% used [0x00000000e6f00000,0x00000000e71fb650,0x00000000e7480000)
  to   space 15872K, 0% used [0x00000000e5580000,0x00000000e5580000,0x00000000e6500000)
 ParOldGen       total 42496K, used 6074K [0x00000000a1600000, 0x00000000a3f80000, 0x00000000e0780000)
  object space 42496K, 14% used [0x00000000a1600000,0x00000000a1bee9f8,0x00000000a3f80000)
 Metaspace       used 22070K, capacity 22251K, committed 22448K, reserved 1069056K
  class space    used 2189K, capacity 2269K, committed 2304K, reserved 1048576K
}
Event: 19.564 GC heap before
{Heap before GC invocations=10 (full 1):
 PSYoungGen      total 85504K, used 82925K [0x00000000e0780000, 0x00000000e7480000, 0x0000000100000000)
  eden space 79872K, 100% used [0x00000000e0780000,0x00000000e5580000,0x00000000e5580000)
  from space 5632K, 54% used [0x00000000e6f00000,0x00000000e71fb650,0x00000000e7480000)
  to   space 15872K, 0% used [0x00000000e5580000,0x00000000e5580000,0x00000000e6500000)
 ParOldGen       total 42496K, used 6074K [0x00000000a1600000, 0x00000000a3f80000, 0x00000000e0780000)
  object space 42496K, 14% used [0x00000000a1600000,0x00000000a1bee9f8,0x00000000a3f80000)
 Metaspace       used 22259K, capacity 22443K, committed 22704K, reserved 1069056K
  class space    used 2192K, capacity 2269K, committed 2304K, reserved 1048576K
Event: 19.568 GC heap after
Heap after GC invocations=10 (full 1):
 PSYoungGen      total 95744K, used 2545K [0x00000000e0780000, 0x00000000e7480000, 0x0000000100000000)
  eden space 79872K, 0% used [0x00000000e0780000,0x00000000e0780000,0x00000000e5580000)
  from space 15872K, 16% used [0x00000000e5580000,0x00000000e57fc6c8,0x00000000e6500000)
  to   space 5632K, 0% used [0x00000000e6f00000,0x00000000e6f00000,0x00000000e7480000)
 ParOldGen       total 42496K, used 6074K [0x00000000a1600000, 0x00000000a3f80000, 0x00000000e0780000)
  object space 42496K, 14% used [0x00000000a1600000,0x00000000a1bee9f8,0x00000000a3f80000)
 Metaspace       used 22259K, capacity 22443K, committed 22704K, reserved 1069056K
  class space    used 2192K, capacity 2269K, committed 2304K, reserved 1048576K
}

