# JRE version: Java(TM) SE Runtime Environment (8.0_91-b14) (build 1.8.0_91-b14)
# Java VM: Java HotSpot(TM) 64-Bit Server VM (25.91-b14 mixed mode windows-amd64 compressed oops)
Heap:
 PSYoungGen      total 112128K, used 20026K [0x00000000e0780000, 0x00000000eea80000, 0x0000000100000000)
  eden space 97280K, 20% used [0x00000000e0780000,0x00000000e1b0e930,0x00000000e6680000)
  from space 14848K, 0% used [0x00000000e6680000,0x00000000e6680000,0x00000000e7500000)
  to   space 18944K, 0% used [0x00000000ed800000,0x00000000ed800000,0x00000000eea80000)
 ParOldGen       total 49152K, used 9629K [0x00000000a1600000, 0x00000000a4600000, 0x00000000e0780000)
  object space 49152K, 19% used [0x00000000a1600000,0x00000000a1f67568,0x00000000a4600000)
 Metaspace       used 21050K, capacity 21299K, committed 21552K, reserved 1069056K
  class space    used 2072K, capacity 2147K, committed 2176K, reserved 1048576K
GC Heap History (10 events):
Event: 3.154 GC heap before
{Heap before GC invocations=4 (full 0):
 PSYoungGen      total 28672K, used 27275K [0x00000000e0780000, 0x00000000e3f80000, 0x0000000100000000)
  eden space 24576K, 94% used [0x00000000e0780000,0x00000000e1e24cf8,0x00000000e1f80000)
  from space 4096K, 99% used [0x00000000e1f80000,0x00000000e237e0a0,0x00000000e2380000)
  to   space 4096K, 0% used [0x00000000e3b80000,0x00000000e3b80000,0x00000000e3f80000)
 ParOldGen       total 65536K, used 10131K [0x00000000a1600000, 0x00000000a5600000, 0x00000000e0780000)
  object space 65536K, 15% used [0x00000000a1600000,0x00000000a1fe4c48,0x00000000a5600000)
 Metaspace       used 17100K, capacity 17295K, committed 17664K, reserved 1064960K
  class space    used 1637K, capacity 1729K, committed 1792K, reserved 1048576K
Event: 3.162 GC heap after
Heap after GC invocations=4 (full 0):
 PSYoungGen      total 53248K, used 4089K [0x00000000e0780000, 0x00000000e3f80000, 0x0000000100000000)
  eden space 49152K, 0% used [0x00000000e0780000,0x00000000e0780000,0x00000000e3780000)
  from space 4096K, 99% used [0x00000000e3b80000,0x00000000e3f7e7c0,0x00000000e3f80000)
  to   space 4096K, 0% used [0x00000000e3780000,0x00000000e3780000,0x00000000e3b80000)
 ParOldGen       total 65536K, used 10443K [0x00000000a1600000, 0x00000000a5600000, 0x00000000e0780000)
  object space 65536K, 15% used [0x00000000a1600000,0x00000000a2032c48,0x00000000a5600000)
 Metaspace       used 17100K, capacity 17295K, committed 17664K, reserved 1064960K
  class space    used 1637K, capacity 1729K, committed 1792K, reserved 1048576K
}
Event: 3.433 GC heap before
{Heap before GC invocations=5 (full 0):
 PSYoungGen      total 53248K, used 53241K [0x00000000e0780000, 0x00000000e3f80000, 0x0000000100000000)
  eden space 49152K, 100% used [0x00000000e0780000,0x00000000e3780000,0x00000000e3780000)
  from space 4096K, 99% used [0x00000000e3b80000,0x00000000e3f7e7c0,0x00000000e3f80000)
  to   space 4096K, 0% used [0x00000000e3780000,0x00000000e3780000,0x00000000e3b80000)
 ParOldGen       total 65536K, used 10443K [0x00000000a1600000, 0x00000000a5600000, 0x00000000e0780000)
  object space 65536K, 15% used [0x00000000a1600000,0x00000000a2032c48,0x00000000a5600000)
 Metaspace       used 17138K, capacity 17359K, committed 17664K, reserved 1064960K
  class space    used 1637K, capacity 1729K, committed 1792K, reserved 1048576K
Event: 3.451 GC heap after
Heap after GC invocations=5 (full 0):
 PSYoungGen      total 53248K, used 4093K [0x00000000e0780000, 0x00000000e8280000, 0x0000000100000000)
  eden space 49152K, 0% used [0x00000000e0780000,0x00000000e0780000,0x00000000e3780000)
  from space 4096K, 99% used [0x00000000e3780000,0x00000000e3b7f5b8,0x00000000e3b80000)
  to   space 13824K, 0% used [0x00000000e7500000,0x00000000e7500000,0x00000000e8280000)
 ParOldGen       total 65536K, used 18799K [0x00000000a1600000, 0x00000000a5600000, 0x00000000e0780000)
  object space 65536K, 28% used [0x00000000a1600000,0x00000000a285bca8,0x00000000a5600000)
 Metaspace       used 17138K, capacity 17359K, committed 17664K, reserved 1064960K
  class space    used 1637K, capacity 1729K, committed 1792K, reserved 1048576K
}
Event: 3.810 GC heap before
{Heap before GC invocations=6 (full 0):
 PSYoungGen      total 53248K, used 53245K [0x00000000e0780000, 0x00000000e8280000, 0x0000000100000000)
  eden space 49152K, 100% used [0x00000000e0780000,0x00000000e3780000,0x00000000e3780000)
  from space 4096K, 99% used [0x00000000e3780000,0x00000000e3b7f5b8,0x00000000e3b80000)
  to   space 13824K, 0% used [0x00000000e7500000,0x00000000e7500000,0x00000000e8280000)
 ParOldGen       total 65536K, used 18799K [0x00000000a1600000, 0x00000000a5600000, 0x00000000e0780000)
  object space 65536K, 28% used [0x00000000a1600000,0x00000000a285bca8,0x00000000a5600000)
 Metaspace       used 17348K, capacity 17615K, committed 17920K, reserved 1064960K
  class space    used 1638K, capacity 1729K, committed 1792K, reserved 1048576K
Event: 3.829 GC heap after
Heap after GC invocations=6 (full 0):
 PSYoungGen      total 111104K, used 10821K [0x00000000e0780000, 0x00000000e8480000, 0x0000000100000000)
  eden space 97280K, 0% used [0x00000000e0780000,0x00000000e0780000,0x00000000e6680000)
  from space 13824K, 78% used [0x00000000e7500000,0x00000000e7f91430,0x00000000e8280000)
  to   space 14848K, 0% used [0x00000000e6680000,0x00000000e6680000,0x00000000e7500000)
 ParOldGen       total 65536K, used 18799K [0x00000000a1600000, 0x00000000a5600000, 0x00000000e0780000)
  object space 65536K, 28% used [0x00000000a1600000,0x00000000a285bca8,0x00000000a5600000)
 Metaspace       used 17348K, capacity 17615K, committed 17920K, reserved 1064960K
  class space    used 1638K, capacity 1729K, committed 1792K, reserved 1048576K
}
Event: 6.118 GC heap before
{Heap before GC invocations=7 (full 0):
 PSYoungGen      total 111104K, used 99184K [0x00000000e0780000, 0x00000000e8480000, 0x0000000100000000)
  eden space 97280K, 90% used [0x00000000e0780000,0x00000000e5dcae68,0x00000000e6680000)
  from space 13824K, 78% used [0x00000000e7500000,0x00000000e7f91430,0x00000000e8280000)
  to   space 14848K, 0% used [0x00000000e6680000,0x00000000e6680000,0x00000000e7500000)
 ParOldGen       total 65536K, used 18799K [0x00000000a1600000, 0x00000000a5600000, 0x00000000e0780000)
  object space 65536K, 28% used [0x00000000a1600000,0x00000000a285bca8,0x00000000a5600000)
 Metaspace       used 20886K, capacity 21071K, committed 21296K, reserved 1069056K
  class space    used 2053K, capacity 2113K, committed 2176K, reserved 1048576K
Event: 6.146 GC heap after
Heap after GC invocations=7 (full 0):
 PSYoungGen      total 112128K, used 14844K [0x00000000e0780000, 0x00000000eea80000, 0x0000000100000000)
  eden space 97280K, 0% used [0x00000000e0780000,0x00000000e0780000,0x00000000e6680000)
  from space 14848K, 99% used [0x00000000e6680000,0x00000000e74ff168,0x00000000e7500000)
  to   space 18944K, 0% used [0x00000000ed800000,0x00000000ed800000,0x00000000eea80000)
 ParOldGen       total 65536K, used 22182K [0x00000000a1600000, 0x00000000a5600000, 0x00000000e0780000)
  object space 65536K, 33% used [0x00000000a1600000,0x00000000a2ba9a68,0x00000000a5600000)
 Metaspace       used 20886K, capacity 21071K, committed 21296K, reserved 1069056K
  class space    used 2053K, capacity 2113K, committed 2176K, reserved 1048576K
}
Event: 6.146 GC heap before
{Heap before GC invocations=8 (full 1):
 PSYoungGen      total 112128K, used 14844K [0x00000000e0780000, 0x00000000eea80000, 0x0000000100000000)
  eden space 97280K, 0% used [0x00000000e0780000,0x00000000e0780000,0x00000000e6680000)
  from space 14848K, 99% used [0x00000000e6680000,0x00000000e74ff168,0x00000000e7500000)
  to   space 18944K, 0% used [0x00000000ed800000,0x00000000ed800000,0x00000000eea80000)
 ParOldGen       total 65536K, used 22182K [0x00000000a1600000, 0x00000000a5600000, 0x00000000e0780000)
  object space 65536K, 33% used [0x00000000a1600000,0x00000000a2ba9a68,0x00000000a5600000)
 Metaspace       used 20886K, capacity 21071K, committed 21296K, reserved 1069056K
  class space    used 2053K, capacity 2113K, committed 2176K, reserved 1048576K
Event: 6.200 GC heap after
Heap after GC invocations=8 (full 1):
 PSYoungGen      total 112128K, used 0K [0x00000000e0780000, 0x00000000eea80000, 0x0000000100000000)
  eden space 97280K, 0% used [0x00000000e0780000,0x00000000e0780000,0x00000000e6680000)
  from space 14848K, 0% used [0x00000000e6680000,0x00000000e6680000,0x00000000e7500000)
  to   space 18944K, 0% used [0x00000000ed800000,0x00000000ed800000,0x00000000eea80000)
 ParOldGen       total 49152K, used 9629K [0x00000000a1600000, 0x00000000a4600000, 0x00000000e0780000)
  object space 49152K, 19% used [0x00000000a1600000,0x00000000a1f67568,0x00000000a4600000)
 Metaspace       used 20886K, capacity 21071K, committed 21296K, reserved 1069056K
  class space    used 2053K, capacity 2113K, committed 2176K, reserved 1048576K
}

